2017-01-06 23:33:31.954 DEBUG    [main] Loading keypoint data from 'keypoints.p'...
2017-01-06 23:33:31.992 DEBUG    [main] Creating SIFT detector...
2017-01-06 23:33:32.021 DEBUG    [main] Initializing video capture device #images/frame_%04d.png...
2017-01-06 23:33:32.517 DEBUG    [main] Video capture frame size=(w=160, h=120)
2017-01-06 23:33:32.545 DEBUG    [main] Starting capture loop...
2017-01-06 23:33:32.555 DEBUG    [main] Capturing frame #0...
2017-01-06 23:33:32.595 DEBUG    [main] Got frame #0: shape=(120, 160, 3)
2017-01-06 23:33:32.606 DEBUG    [main] Processing frame #0...
2017-01-07 00:06:13.053 DEBUG    [main] Loading keypoint data from 'keypoints.p'...
2017-01-07 00:06:13.083 DEBUG    [main] Creating SIFT detector...
2017-01-07 00:06:13.094 DEBUG    [main] Initializing video capture device #images/frame_%04d.png...
2017-01-07 00:06:13.151 DEBUG    [main] Video capture frame size=(w=160, h=120)
2017-01-07 00:06:13.163 DEBUG    [main] Starting capture loop...
2017-01-07 00:06:13.173 DEBUG    [main] Capturing frame #0...
2017-01-07 00:06:13.193 DEBUG    [main] Got frame #0: shape=(120, 160, 3)
2017-01-07 00:06:13.203 DEBUG    [main] Processing frame #0...
2017-01-07 00:07:51.354 DEBUG    [main] Loading keypoint data from 'keypoints.p'...
2017-01-07 00:07:51.396 DEBUG    [main] Creating SIFT detector...
2017-01-07 00:07:51.419 DEBUG    [main] Initializing video capture device #images/frame_%04d.png...
2017-01-07 00:07:51.480 DEBUG    [main] Video capture frame size=(w=160, h=120)
2017-01-07 00:07:51.498 DEBUG    [main] Starting capture loop...
2017-01-07 00:07:51.514 DEBUG    [main] Capturing frame #0...
2017-01-07 00:07:51.551 DEBUG    [main] Got frame #0: shape=(120, 160, 3)
2017-01-07 00:07:51.569 DEBUG    [main] Processing frame #0...
2017-01-07 09:39:50.783 DEBUG    [main] Loading keypoint data from 'keypoints.p'...
2017-01-07 09:39:50.822 DEBUG    [main] Creating SIFT detector...
2017-01-07 09:39:50.838 DEBUG    [main] Initializing video capture device #images/frame_%04d.png...
2017-01-07 09:39:50.899 DEBUG    [main] Video capture frame size=(w=160, h=120)
2017-01-07 09:39:50.917 DEBUG    [main] Starting capture loop...
2017-01-07 09:39:50.942 DEBUG    [main] Capturing frame #0...
2017-01-07 09:39:50.974 DEBUG    [main] Got frame #0: shape=(120, 160, 3)
2017-01-07 09:39:50.991 DEBUG    [main] Processing frame #0...
2017-01-07 09:51:00.587 DEBUG    [main] Loading keypoint data from 'keypoints.p'...
2017-01-07 09:51:00.939 DEBUG    [main] Creating SIFT detector...
2017-01-07 09:51:00.956 DEBUG    [main] Initializing video capture device #images/frame_%04d.png...
2017-01-07 09:51:01.031 DEBUG    [main] Video capture frame size=(w=160, h=120)
2017-01-07 09:51:01.052 DEBUG    [main] Starting capture loop...
2017-01-07 09:51:01.088 DEBUG    [main] Capturing frame #0...
2017-01-07 09:51:01.110 DEBUG    [main] Got frame #0: shape=(120, 160, 3)
2017-01-07 09:51:01.134 DEBUG    [main] Processing frame #0...
2017-01-07 09:51:44.561 DEBUG    [main] Loading keypoint data from 'keypoints.p'...
2017-01-07 09:51:44.937 DEBUG    [main] Creating SIFT detector...
2017-01-07 09:51:44.953 DEBUG    [main] Initializing video capture device #images/frame_%04d.png...
2017-01-07 09:51:45.038 DEBUG    [main] Video capture frame size=(w=160, h=120)
2017-01-07 09:51:45.102 DEBUG    [main] Starting capture loop...
2017-01-07 09:51:45.121 DEBUG    [main] Capturing frame #0...
2017-01-07 09:51:45.145 DEBUG    [main] Got frame #0: shape=(120, 160, 3)
2017-01-07 09:51:45.168 DEBUG    [main] Processing frame #0...
2017-01-07 09:52:37.430 DEBUG    [main] Loading keypoint data from 'keypoints.p'...
2017-01-07 09:52:37.448 DEBUG    [main] failed to load keypoints
Attempting to create keypoint data
2017-01-07 09:52:37.820 DEBUG    [main] Creating SIFT detector...
2017-01-07 09:52:37.838 DEBUG    [main] Initializing video capture device #images/frame_%04d.png...
2017-01-07 09:52:37.930 DEBUG    [main] Video capture frame size=(w=160, h=120)
2017-01-07 09:52:37.959 DEBUG    [main] Starting capture loop...
2017-01-07 09:52:37.980 DEBUG    [main] Capturing frame #0...
2017-01-07 09:52:38.013 DEBUG    [main] Got frame #0: shape=(120, 160, 3)
2017-01-07 09:52:38.038 DEBUG    [main] Processing frame #0...
2017-01-07 09:54:18.591 DEBUG    [main] Loading keypoint data from 'keypoints.p'...
2017-01-07 09:54:18.612 DEBUG    [main] failed to load keypoints
2017-01-07 09:54:18.628 DEBUG    [main] Attempting to create keypoint data
2017-01-07 09:54:18.958 DEBUG    [main] Creating SIFT detector...
2017-01-07 09:54:18.974 DEBUG    [main] Initializing video capture device #images/frame_%04d.png...
2017-01-07 09:54:19.041 DEBUG    [main] Video capture frame size=(w=160, h=120)
2017-01-07 09:54:19.059 DEBUG    [main] Starting capture loop...
2017-01-07 09:54:19.080 DEBUG    [main] Capturing frame #0...
2017-01-07 09:54:19.114 DEBUG    [main] Got frame #0: shape=(120, 160, 3)
2017-01-07 09:54:19.140 DEBUG    [main] Processing frame #0...
2017-01-07 09:55:11.687 DEBUG    [main] Loading keypoint data from 'keypoints.p'...
2017-01-07 09:55:11.705 DEBUG    [main] failed to load keypoints
2017-01-07 09:55:11.721 DEBUG    [main] Attempting to create keypoint data
2017-01-07 09:55:12.074 DEBUG    [main] Creating SIFT detector...
2017-01-07 09:55:12.092 DEBUG    [main] Initializing video capture device #images/frame_%04d.png...
2017-01-07 09:55:12.157 DEBUG    [main] Video capture frame size=(w=160, h=120)
2017-01-07 09:55:12.226 DEBUG    [main] Starting capture loop...
2017-01-07 09:55:12.254 DEBUG    [main] Capturing frame #0...
2017-01-07 09:55:12.278 DEBUG    [main] Got frame #0: shape=(120, 160, 3)
2017-01-07 09:55:12.296 DEBUG    [main] Processing frame #0...
2017-01-07 09:55:27.868 DEBUG    [main] Loading keypoint data from 'keypoints.p'...
2017-01-07 09:55:27.890 DEBUG    [main] failed to load keypoints
2017-01-07 09:55:27.906 DEBUG    [main] Attempting to create keypoint data
2017-01-07 09:55:28.246 DEBUG    [main] Creating SIFT detector...
2017-01-07 09:55:28.263 DEBUG    [main] Initializing video capture device #images/frame_%04d.png...
2017-01-07 09:55:28.336 DEBUG    [main] Video capture frame size=(w=160, h=120)
2017-01-07 09:55:28.369 DEBUG    [main] Starting capture loop...
2017-01-07 09:55:28.387 DEBUG    [main] Capturing frame #0...
2017-01-07 09:55:28.415 DEBUG    [main] Got frame #0: shape=(120, 160, 3)
2017-01-07 09:55:28.435 DEBUG    [main] Processing frame #0...
2017-01-09 20:21:29.200 DEBUG    [main] Loading keypoint data from 'keypoints.p'...
2017-01-09 20:21:29.217 DEBUG    [main] failed to load keypoints
2017-01-09 20:21:29.233 DEBUG    [main] Attempting to create keypoint data
2017-01-09 20:21:29.573 DEBUG    [main] Creating SIFT detector...
2017-01-09 20:21:29.590 DEBUG    [main] Initializing video capture device #images/frame_%04d.png...
2017-01-09 20:21:30.040 DEBUG    [main] Video capture frame size=(w=160, h=120)
2017-01-09 20:21:30.057 DEBUG    [main] Starting capture loop...
2017-01-09 20:21:30.072 DEBUG    [main] Capturing frame #0...
2017-01-09 20:21:30.098 DEBUG    [main] Got frame #0: shape=(120, 160, 3)
2017-01-09 20:21:30.115 DEBUG    [main] Processing frame #0...
2017-01-09 20:27:12.841 DEBUG    [main] Loading keypoint data from 'keypoints.p'...
2017-01-09 20:27:12.859 DEBUG    [main] failed to load keypoints
2017-01-09 20:27:12.876 DEBUG    [main] Attempting to create keypoint data
2017-01-09 20:27:13.221 DEBUG    [main] Creating SIFT detector...
2017-01-09 20:27:13.238 DEBUG    [main] Initializing video capture device #images/frame_%04d.png...
2017-01-09 20:27:13.322 DEBUG    [main] Video capture frame size=(w=160, h=120)
2017-01-09 20:27:13.348 DEBUG    [main] Starting capture loop...
2017-01-09 20:27:13.378 DEBUG    [main] Capturing frame #0...
2017-01-09 20:27:13.423 DEBUG    [main] Got frame #0: shape=(120, 160, 3)
2017-01-09 20:27:13.444 DEBUG    [main] Processing frame #0...
2017-01-09 21:16:25.269 DEBUG    [main] Loading keypoint data from 'keypoints.p'...
2017-01-09 21:16:25.287 DEBUG    [main] failed to load keypoints
2017-01-09 21:16:25.305 DEBUG    [main] Attempting to create keypoint data
2017-01-09 21:16:25.649 DEBUG    [main] Creating SIFT detector...
2017-01-09 21:16:25.666 DEBUG    [main] Initializing video capture device #images/frame_%04d.png...
2017-01-09 21:16:25.735 DEBUG    [main] Video capture frame size=(w=160, h=120)
2017-01-09 21:16:25.753 DEBUG    [main] Starting capture loop...
2017-01-09 21:16:25.770 DEBUG    [main] Capturing frame #0...
2017-01-09 21:16:25.792 DEBUG    [main] Got frame #0: shape=(120, 160, 3)
2017-01-09 21:16:25.809 DEBUG    [main] Processing frame #0...
2017-01-10 18:22:27.339 DEBUG    [main] Loading keypoint data from 'keypoints.p'...
2017-01-10 18:22:27.358 DEBUG    [main] failed to load keypoints
2017-01-10 18:22:27.392 DEBUG    [main] Attempting to create keypoint data
2017-01-10 18:22:27.729 DEBUG    [main] Creating SIFT detector...
2017-01-10 18:22:27.746 DEBUG    [main] Initializing video capture device #images/frame_%04d.png...
2017-01-10 18:22:27.815 DEBUG    [main] Video capture frame size=(w=160, h=120)
2017-01-10 18:22:27.835 DEBUG    [main] Starting capture loop...
2017-01-10 18:22:27.862 DEBUG    [main] Capturing frame #0...
2017-01-10 18:22:27.886 DEBUG    [main] Got frame #0: shape=(120, 160, 3)
2017-01-10 18:22:27.912 DEBUG    [main] Processing frame #0...
2017-01-10 18:26:36.313 DEBUG    [main] Loading keypoint data from 'keypoints.p'...
2017-01-10 18:26:36.358 DEBUG    [main] failed to load keypoints
2017-01-10 18:26:36.375 DEBUG    [main] Attempting to create keypoint data
2017-01-10 18:26:36.724 DEBUG    [main] Creating SIFT detector...
2017-01-10 18:26:36.741 DEBUG    [main] Initializing video capture device #images/frame_%04d.png...
2017-01-10 18:26:36.818 DEBUG    [main] Video capture frame size=(w=160, h=120)
2017-01-10 18:26:36.836 DEBUG    [main] Starting capture loop...
2017-01-10 18:26:36.863 DEBUG    [main] Capturing frame #0...
2017-01-10 18:26:36.890 DEBUG    [main] Got frame #0: shape=(120, 160, 3)
2017-01-10 18:26:36.908 DEBUG    [main] Processing frame #0...
2017-01-10 19:33:26.767 DEBUG    [main] Loading keypoint data from 'keypoints.p'...
2017-01-10 19:33:26.833 DEBUG    [main] failed to load keypoints
2017-01-10 19:33:26.849 DEBUG    [main] Attempting to create keypoint data
2017-01-10 19:33:27.187 DEBUG    [main] Creating SIFT detector...
2017-01-10 19:33:27.205 DEBUG    [main] Initializing video capture device #images/frame_%04d.png...
2017-01-10 19:33:27.282 DEBUG    [main] Video capture frame size=(w=160, h=120)
2017-01-10 19:33:27.301 DEBUG    [main] Starting capture loop...
2017-01-10 19:33:27.320 DEBUG    [main] Capturing frame #0...
2017-01-10 19:33:27.357 DEBUG    [main] Got frame #0: shape=(120, 160, 3)
2017-01-10 19:33:27.378 DEBUG    [main] Processing frame #0...
